<?xml version="1.0" encoding="UTF-8"?>
<testng-results skipped="0" failed="1" ignored="0" total="2" passed="1">
  <reporter-output>
  </reporter-output>
  <suite name="Default suite" duration-ms="34126" started-at="2020-09-28T13:30:24Z" finished-at="2020-09-28T13:30:58Z">
    <groups>
    </groups>
    <test name="Default test" duration-ms="34126" started-at="2020-09-28T13:30:24Z" finished-at="2020-09-28T13:30:58Z">
      <class name="Pages.studentRegistrationFormTest">
        <test-method status="PASS" signature="preCond()[pri:0, instance:Pages.studentRegistrationFormTest@442675e1]" name="preCond" is-config="true" duration-ms="19477" started-at="2020-09-28T13:30:24Z" finished-at="2020-09-28T13:30:44Z">
          <reporter-output>
          </reporter-output>
        </test-method> <!-- preCond -->
        <test-method status="PASS" signature="navigateToMainPage()[pri:0, instance:Pages.studentRegistrationFormTest@442675e1]" name="navigateToMainPage" is-config="true" duration-ms="1747" started-at="2020-09-28T13:30:44Z" finished-at="2020-09-28T13:30:45Z">
          <reporter-output>
          </reporter-output>
        </test-method> <!-- navigateToMainPage -->
        <test-method status="FAIL" signature="TC1()[pri:1, instance:Pages.studentRegistrationFormTest@442675e1]" name="TC1" duration-ms="5013" started-at="2020-09-28T13:30:45Z" finished-at="2020-09-28T13:30:51Z">
          <exception class="java.lang.AssertionError">
            <message>
              <![CDATA[The following asserts failed:
expected [Practice form] but found [Practice Form]]]>
            </message>
            <full-stacktrace>
              <![CDATA[java.lang.AssertionError: The following asserts failed:
expected [Practice form] but found [Practice Form]
at org.testng.asserts.SoftAssert.assertAll(SoftAssert.java:43)
at Pages.studentRegistrationFormTest.TC1(studentRegistrationFormTest.java:78)
at sun.reflect.NativeMethodAccessorImpl.invoke0(Native Method)
at sun.reflect.NativeMethodAccessorImpl.invoke(Unknown Source)
at sun.reflect.DelegatingMethodAccessorImpl.invoke(Unknown Source)
at java.lang.reflect.Method.invoke(Unknown Source)
at org.testng.internal.MethodInvocationHelper.invokeMethod(MethodInvocationHelper.java:124)
at org.testng.internal.Invoker.invokeMethod(Invoker.java:583)
at org.testng.internal.Invoker.invokeTestMethod(Invoker.java:719)
at org.testng.internal.Invoker.invokeTestMethods(Invoker.java:989)
at org.testng.internal.TestMethodWorker.invokeTestMethods(TestMethodWorker.java:125)
at org.testng.internal.TestMethodWorker.run(TestMethodWorker.java:109)
at org.testng.TestRunner.privateRun(TestRunner.java:648)
at org.testng.TestRunner.run(TestRunner.java:505)
at org.testng.SuiteRunner.runTest(SuiteRunner.java:455)
at org.testng.SuiteRunner.runSequentially(SuiteRunner.java:450)
at org.testng.SuiteRunner.privateRun(SuiteRunner.java:415)
at org.testng.SuiteRunner.run(SuiteRunner.java:364)
at org.testng.SuiteRunnerWorker.runSuite(SuiteRunnerWorker.java:52)
at org.testng.SuiteRunnerWorker.run(SuiteRunnerWorker.java:84)
at org.testng.TestNG.runSuitesSequentially(TestNG.java:1208)
at org.testng.TestNG.runSuitesLocally(TestNG.java:1137)
at org.testng.TestNG.runSuites(TestNG.java:1049)
at org.testng.TestNG.run(TestNG.java:1017)
at org.testng.remote.AbstractRemoteTestNG.run(AbstractRemoteTestNG.java:114)
at org.testng.remote.RemoteTestNG.initAndRun(RemoteTestNG.java:251)
at org.testng.remote.RemoteTestNG.main(RemoteTestNG.java:77)
]]>
            </full-stacktrace>
          </exception> <!-- java.lang.AssertionError -->
          <reporter-output>
          </reporter-output>
        </test-method> <!-- TC1 -->
        <test-method status="PASS" signature="methodEndTest(org.testng.ITestResult)[pri:0, instance:Pages.studentRegistrationFormTest@442675e1]" name="methodEndTest" is-config="true" duration-ms="830" started-at="2020-09-28T13:30:51Z" finished-at="2020-09-28T13:30:51Z">
          <params>
            <param index="0">
              <value>
                <![CDATA[[TestResult name=TC1 status=FAILURE method=studentRegistrationFormTest.TC1()[pri:1, instance:Pages.studentRegistrationFormTest@442675e1] output={null}]]]>
              </value>
            </param>
          </params>
          <reporter-output>
          </reporter-output>
        </test-method> <!-- methodEndTest -->
        <test-method status="PASS" signature="navigateToMainPage()[pri:0, instance:Pages.studentRegistrationFormTest@442675e1]" name="navigateToMainPage" is-config="true" duration-ms="931" started-at="2020-09-28T13:30:51Z" finished-at="2020-09-28T13:30:52Z">
          <reporter-output>
          </reporter-output>
        </test-method> <!-- navigateToMainPage -->
        <test-method status="PASS" signature="TC2()[pri:2, instance:Pages.studentRegistrationFormTest@442675e1]" name="TC2" duration-ms="4086" started-at="2020-09-28T13:30:52Z" finished-at="2020-09-28T13:30:56Z">
          <reporter-output>
          </reporter-output>
        </test-method> <!-- TC2 -->
        <test-method status="PASS" signature="methodEndTest(org.testng.ITestResult)[pri:0, instance:Pages.studentRegistrationFormTest@442675e1]" name="methodEndTest" is-config="true" duration-ms="371" started-at="2020-09-28T13:30:56Z" finished-at="2020-09-28T13:30:57Z">
          <params>
            <param index="0">
              <value>
                <![CDATA[[TestResult name=TC2 status=SUCCESS method=studentRegistrationFormTest.TC2()[pri:2, instance:Pages.studentRegistrationFormTest@442675e1] output={null}]]]>
              </value>
            </param>
          </params>
          <reporter-output>
          </reporter-output>
        </test-method> <!-- methodEndTest -->
        <test-method status="PASS" signature="logout()[pri:0, instance:Pages.studentRegistrationFormTest@442675e1]" name="logout" is-config="true" duration-ms="1428" started-at="2020-09-28T13:30:57Z" finished-at="2020-09-28T13:30:58Z">
          <reporter-output>
          </reporter-output>
        </test-method> <!-- logout -->
      </class> <!-- Pages.studentRegistrationFormTest -->
    </test> <!-- Default test -->
  </suite> <!-- Default suite -->
</testng-results>
