<?xml version="1.0" encoding="UTF-8"?>
<!-- Generated by org.testng.reporters.JUnitReportReporter -->
<testsuite skipped="3" hostname="DESKTOP-97PDBKT" name="Pages.studentRegistrationFormTest" tests="4" failures="0" timestamp="29 Dec 2020 07:58:56 GMT" time="13.388" errors="1">
  <testcase name="preCond" time="13.388" classname="Pages.studentRegistrationFormTest">
    <error type="org.openqa.selenium.SessionNotCreatedException" message="session not created: This version of ChromeDriver only supports Chrome version 85
Build info: version: &#039;3.141.59&#039;, revision: &#039;e82be7d358&#039;, time: &#039;2018-11-14T08:17:03&#039;
System info: host: &#039;DESKTOP-97PDBKT&#039;, ip: &#039;127.0.0.1&#039;, os.name: &#039;Windows 10&#039;, os.arch: &#039;amd64&#039;, os.version: &#039;10.0&#039;, java.version: &#039;1.8.0_191&#039;
Driver info: driver.version: ChromeDriver
remote stacktrace: Backtrace:
	Ordinal0 [0x00BCD383+3134339]
	Ordinal0 [0x00ABA171+2007409]
	Ordinal0 [0x0095AEE8+569064]
	Ordinal0 [0x008E139F+70559]
	Ordinal0 [0x008DCC63+52323]
	Ordinal0 [0x00900DFC+200188]
	Ordinal0 [0x00900C1D+199709]
	Ordinal0 [0x008FEB0B+191243]
	Ordinal0 [0x008E2E77+77431]
	Ordinal0 [0x008E3E3E+81470]
	Ordinal0 [0x008E3DC9+81353]
	Ordinal0 [0x00AD0CD9+2100441]
	GetHandleVerifier [0x00D3B75A+1396954]
	GetHandleVerifier [0x00D3B3D9+1396057]
	GetHandleVerifier [0x00D47126+1444518]
	GetHandleVerifier [0x00D3BCE8+1398376]
	Ordinal0 [0x00AC7F51+2064209]
	Ordinal0 [0x00AD22EB+2106091]
	Ordinal0 [0x00AD2411+2106385]
	Ordinal0 [0x00AE49C4+2181572]
	BaseThreadInitThunk [0x77596359+25]
	RtlGetAppContainerNamedObjectPath [0x77D68944+228]
	RtlGetAppContainerNamedObjectPath [0x77D68914+180]
">
      <![CDATA[org.openqa.selenium.SessionNotCreatedException: session not created: This version of ChromeDriver only supports Chrome version 85
Build info: version: '3.141.59', revision: 'e82be7d358', time: '2018-11-14T08:17:03'
System info: host: 'DESKTOP-97PDBKT', ip: '127.0.0.1', os.name: 'Windows 10', os.arch: 'amd64', os.version: '10.0', java.version: '1.8.0_191'
Driver info: driver.version: ChromeDriver
remote stacktrace: Backtrace:
Ordinal0 [0x00BCD383+3134339]
Ordinal0 [0x00ABA171+2007409]
Ordinal0 [0x0095AEE8+569064]
Ordinal0 [0x008E139F+70559]
Ordinal0 [0x008DCC63+52323]
Ordinal0 [0x00900DFC+200188]
Ordinal0 [0x00900C1D+199709]
Ordinal0 [0x008FEB0B+191243]
Ordinal0 [0x008E2E77+77431]
Ordinal0 [0x008E3E3E+81470]
Ordinal0 [0x008E3DC9+81353]
Ordinal0 [0x00AD0CD9+2100441]
GetHandleVerifier [0x00D3B75A+1396954]
GetHandleVerifier [0x00D3B3D9+1396057]
GetHandleVerifier [0x00D47126+1444518]
GetHandleVerifier [0x00D3BCE8+1398376]
Ordinal0 [0x00AC7F51+2064209]
Ordinal0 [0x00AD22EB+2106091]
Ordinal0 [0x00AD2411+2106385]
Ordinal0 [0x00AE49C4+2181572]
BaseThreadInitThunk [0x77596359+25]
RtlGetAppContainerNamedObjectPath [0x77D68944+228]
RtlGetAppContainerNamedObjectPath [0x77D68914+180]

at sun.reflect.NativeConstructorAccessorImpl.newInstance0(Native Method)
at sun.reflect.NativeConstructorAccessorImpl.newInstance(Unknown Source)
at sun.reflect.DelegatingConstructorAccessorImpl.newInstance(Unknown Source)
at java.lang.reflect.Constructor.newInstance(Unknown Source)
at org.openqa.selenium.remote.W3CHandshakeResponse.lambda$errorHandler$0(W3CHandshakeResponse.java:62)
at org.openqa.selenium.remote.HandshakeResponse.lambda$getResponseFunction$0(HandshakeResponse.java:30)
at org.openqa.selenium.remote.ProtocolHandshake.lambda$createSession$0(ProtocolHandshake.java:126)
at java.util.stream.ReferencePipeline$3$1.accept(Unknown Source)
at java.util.Spliterators$ArraySpliterator.tryAdvance(Unknown Source)
at java.util.stream.ReferencePipeline.forEachWithCancel(Unknown Source)
at java.util.stream.AbstractPipeline.copyIntoWithCancel(Unknown Source)
at java.util.stream.AbstractPipeline.copyInto(Unknown Source)
at java.util.stream.AbstractPipeline.wrapAndCopyInto(Unknown Source)
at java.util.stream.FindOps$FindOp.evaluateSequential(Unknown Source)
at java.util.stream.AbstractPipeline.evaluate(Unknown Source)
at java.util.stream.ReferencePipeline.findFirst(Unknown Source)
at org.openqa.selenium.remote.ProtocolHandshake.createSession(ProtocolHandshake.java:128)
at org.openqa.selenium.remote.ProtocolHandshake.createSession(ProtocolHandshake.java:74)
at org.openqa.selenium.remote.HttpCommandExecutor.execute(HttpCommandExecutor.java:136)
at org.openqa.selenium.remote.service.DriverCommandExecutor.execute(DriverCommandExecutor.java:83)
at org.openqa.selenium.remote.RemoteWebDriver.execute(RemoteWebDriver.java:552)
at org.openqa.selenium.remote.RemoteWebDriver.startSession(RemoteWebDriver.java:213)
at org.openqa.selenium.remote.RemoteWebDriver.<init>(RemoteWebDriver.java:131)
at org.openqa.selenium.chrome.ChromeDriver.<init>(ChromeDriver.java:181)
at org.openqa.selenium.chrome.ChromeDriver.<init>(ChromeDriver.java:168)
at org.openqa.selenium.chrome.ChromeDriver.<init>(ChromeDriver.java:157)
at Base.base.initialize(base.java:109)
at Pages.studentRegistrationFormTest.preCond(studentRegistrationFormTest.java:27)
at sun.reflect.NativeMethodAccessorImpl.invoke0(Native Method)
at sun.reflect.NativeMethodAccessorImpl.invoke(Unknown Source)
at sun.reflect.DelegatingMethodAccessorImpl.invoke(Unknown Source)
at java.lang.reflect.Method.invoke(Unknown Source)
at org.testng.internal.MethodInvocationHelper.invokeMethod(MethodInvocationHelper.java:124)
at org.testng.internal.MethodInvocationHelper.invokeMethodConsideringTimeout(MethodInvocationHelper.java:59)
at org.testng.internal.Invoker.invokeConfigurationMethod(Invoker.java:458)
at org.testng.internal.Invoker.invokeConfigurations(Invoker.java:222)
at org.testng.internal.Invoker.invokeConfigurations(Invoker.java:142)
at org.testng.internal.TestMethodWorker.invokeBeforeClassMethods(TestMethodWorker.java:168)
at org.testng.internal.TestMethodWorker.run(TestMethodWorker.java:105)
at org.testng.TestRunner.privateRun(TestRunner.java:648)
at org.testng.TestRunner.run(TestRunner.java:505)
at org.testng.SuiteRunner.runTest(SuiteRunner.java:455)
at org.testng.SuiteRunner.runSequentially(SuiteRunner.java:450)
at org.testng.SuiteRunner.privateRun(SuiteRunner.java:415)
at org.testng.SuiteRunner.run(SuiteRunner.java:364)
at org.testng.SuiteRunnerWorker.runSuite(SuiteRunnerWorker.java:52)
at org.testng.SuiteRunnerWorker.run(SuiteRunnerWorker.java:84)
at org.testng.TestNG.runSuitesSequentially(TestNG.java:1208)
at org.testng.TestNG.runSuitesLocally(TestNG.java:1137)
at org.testng.TestNG.runSuites(TestNG.java:1049)
at org.testng.TestNG.run(TestNG.java:1017)
at org.testng.remote.AbstractRemoteTestNG.run(AbstractRemoteTestNG.java:114)
at org.testng.remote.RemoteTestNG.initAndRun(RemoteTestNG.java:251)
at org.testng.remote.RemoteTestNG.main(RemoteTestNG.java:77)
]]>
    </error>
  </testcase> <!-- preCond -->
  <testcase name="TC1" time="0.000" classname="Pages.studentRegistrationFormTest">
    <skipped/>
  </testcase> <!-- TC1 -->
  <testcase name="TC2" time="0.000" classname="Pages.studentRegistrationFormTest">
    <skipped/>
  </testcase> <!-- TC2 -->
  <testcase name="TC3" time="0.000" classname="Pages.studentRegistrationFormTest">
    <skipped/>
  </testcase> <!-- TC3 -->
</testsuite> <!-- Pages.studentRegistrationFormTest -->
